<?xml version="1.0" encoding="UTF-8"?>
<!-- Generated by org.testng.reporters.JUnitReportReporter -->
<testsuite hostname="DESKTOP-383AQQU" failures="0" tests="1" name="TestCases.UpdatePlaceInMaps" time="1.836" errors="0" timestamp="2024-12-09T22:21:55 IST" skipped="0">
  <testcase classname="TestCases.UpdatePlaceInMaps" name="GetPlace" time="1.836"/>
</testsuite> <!-- TestCases.UpdatePlaceInMaps -->
