<?xml version="1.0" encoding="UTF-8"?>
<!-- Generated by org.testng.reporters.JUnitReportReporter -->
<testsuite hostname="DESKTOP-383AQQU" failures="0" tests="1" name="TestCases.AddPlaceInMaps" time="6.271" errors="0" timestamp="2024-12-09T22:21:55 IST" skipped="0">
  <testcase classname="TestCases.AddPlaceInMaps" name="addPlace" time="6.271"/>
</testsuite> <!-- TestCases.AddPlaceInMaps -->
